<?xml version="1.0" encoding="UTF-8"?>
<!-- Generated by org.testng.reporters.JUnitXMLReporter -->
<testsuite ignored="0" hostname="DESKTOP-CP6NJHT" failures="0" tests="4" name="Surefire test" time="0.09" errors="0" timestamp="2023-11-27T14:14:42 MSK">
  <testcase classname="ru.skillfactory.qajava.AppTest" name="proverka" time="0.016"/>
  <testcase classname="ru.skillfactory.qajava.AppTest" name="proverka" time="0.0"/>
  <testcase classname="ru.skillfactory.qajava.AppTest" name="proverka" time="0.001"/>
  <testcase classname="ru.skillfactory.qajava.AppTest" name="proverka" time="0.005"/>
</testsuite> <!-- Surefire test -->
