<?xml version="1.0" encoding="UTF-8"?>
<testng-results ignored="0" total="4" passed="4" failed="0" skipped="0">
  <reporter-output>
  </reporter-output>
  <suite started-at="2023-11-27T14:14:41 MSK" name="Surefire suite" finished-at="2023-11-27T14:14:42 MSK" duration-ms="90">
    <groups>
    </groups>
    <test started-at="2023-11-27T14:14:41 MSK" name="Surefire test" finished-at="2023-11-27T14:14:42 MSK" duration-ms="90">
      <class name="ru.skillfactory.qajava.AppTest">
        <test-method is-config="true" signature="beforeClass()[pri:0, instance:ru.skillfactory.qajava.AppTest@64f6106c]" started-at="2023-11-27T14:14:41 MSK" name="beforeClass" finished-at="2023-11-27T14:14:41 MSK" duration-ms="12" status="PASS">
          <reporter-output>
          </reporter-output>
        </test-method> <!-- beforeClass -->
        <test-method signature="proverka(int, int)[pri:0, instance:ru.skillfactory.qajava.AppTest@64f6106c]" started-at="2023-11-27T14:14:41 MSK" name="proverka" data-provider="Dannye" finished-at="2023-11-27T14:14:42 MSK" duration-ms="16" status="PASS">
          <params>
            <param index="0">
              <value>
                <![CDATA[2]]>
              </value>
            </param>
            <param index="1">
              <value>
                <![CDATA[4]]>
              </value>
            </param>
          </params>
          <reporter-output>
          </reporter-output>
        </test-method> <!-- proverka -->
        <test-method signature="proverka(int, int)[pri:0, instance:ru.skillfactory.qajava.AppTest@64f6106c]" started-at="2023-11-27T14:14:42 MSK" name="proverka" data-provider="Dannye" finished-at="2023-11-27T14:14:42 MSK" duration-ms="1" status="PASS">
          <params>
            <param index="0">
              <value>
                <![CDATA[-1]]>
              </value>
            </param>
            <param index="1">
              <value>
                <![CDATA[1]]>
              </value>
            </param>
          </params>
          <reporter-output>
          </reporter-output>
        </test-method> <!-- proverka -->
        <test-method signature="proverka(int, int)[pri:0, instance:ru.skillfactory.qajava.AppTest@64f6106c]" started-at="2023-11-27T14:14:42 MSK" name="proverka" data-provider="Dannye" finished-at="2023-11-27T14:14:42 MSK" duration-ms="0" status="PASS">
          <params>
            <param index="0">
              <value>
                <![CDATA[1]]>
              </value>
            </param>
            <param index="1">
              <value>
                <![CDATA[1]]>
              </value>
            </param>
          </params>
          <reporter-output>
          </reporter-output>
        </test-method> <!-- proverka -->
        <test-method signature="proverka(int, int)[pri:0, instance:ru.skillfactory.qajava.AppTest@64f6106c]" started-at="2023-11-27T14:14:42 MSK" name="proverka" data-provider="Dannye" finished-at="2023-11-27T14:14:42 MSK" duration-ms="5" status="PASS">
          <params>
            <param index="0">
              <value>
                <![CDATA[0]]>
              </value>
            </param>
            <param index="1">
              <value>
                <![CDATA[0]]>
              </value>
            </param>
          </params>
          <reporter-output>
          </reporter-output>
        </test-method> <!-- proverka -->
      </class> <!-- ru.skillfactory.qajava.AppTest -->
    </test> <!-- Surefire test -->
  </suite> <!-- Surefire suite -->
</testng-results>
